<?xml version="1.0" encoding="UTF-8"?>
<!-- Generated by org.testng.reporters.JUnitReportReporter -->
<testsuite hostname="DESKTOP-1JNHT6V" failures="0" tests="1" name="CompareTwoCSV" time="0.011" errors="0" timestamp="2025-09-10T21:49:21 CEST" skipped="0">
  <testcase classname="CompareTwoCSV" name="compareCsvFiles" time="0.011"/>
</testsuite> <!-- CompareTwoCSV -->
